Using pre-set license
Built from '2021.2/staging' branch; Version is '2021.2.9f1 (921b45a28ab6) revision 9575237'; Using compiler version '192829333'; Build Type 'Release'
OS: 'Windows 11  (10.0.22000) 64bit Core' Language: 'en' Physical Memory: 32694 MB
BatchMode: 1, IsHumanControllingUs: 0, StartBugReporterOnCrash: 0, Is64bit: 1, IsPro: 0

COMMAND LINE ARGUMENTS:
C:\Program Files\Unity\Hub\Editor\2021.2.9f1\Editor\Unity.exe
-adb2
-batchMode
-noUpm
-name
AssetImportWorker1
-projectPath
C:/Users/cocru/Documents/GitHub/Gamebox/Gamebox
-logFile
Logs/AssetImportWorker1.log
-srvPort
54371
Successfully changed project path to: C:/Users/cocru/Documents/GitHub/Gamebox/Gamebox
C:/Users/cocru/Documents/GitHub/Gamebox/Gamebox
[UnityMemory] Configuration Parameters - Can be set up in boot.config
    "memorysetup-bucket-allocator-granularity=16"
    "memorysetup-bucket-allocator-bucket-count=8"
    "memorysetup-bucket-allocator-block-size=33554432"
    "memorysetup-bucket-allocator-block-count=8"
    "memorysetup-main-allocator-block-size=16777216"
    "memorysetup-thread-allocator-block-size=16777216"
    "memorysetup-gfx-main-allocator-block-size=16777216"
    "memorysetup-gfx-thread-allocator-block-size=16777216"
    "memorysetup-cache-allocator-block-size=4194304"
    "memorysetup-typetree-allocator-block-size=2097152"
    "memorysetup-profiler-bucket-allocator-granularity=16"
    "memorysetup-profiler-bucket-allocator-bucket-count=8"
    "memorysetup-profiler-bucket-allocator-block-size=33554432"
    "memorysetup-profiler-bucket-allocator-block-count=8"
    "memorysetup-profiler-allocator-block-size=16777216"
    "memorysetup-profiler-editor-allocator-block-size=1048576"
    "memorysetup-temp-allocator-size-main=16777216"
    "memorysetup-job-temp-allocator-block-size=2097152"
    "memorysetup-job-temp-allocator-block-size-background=1048576"
    "memorysetup-job-temp-allocator-reduction-small-platforms=262144"
    "memorysetup-temp-allocator-size-background-worker=32768"
    "memorysetup-temp-allocator-size-job-worker=262144"
    "memorysetup-temp-allocator-size-preload-manager=33554432"
    "memorysetup-temp-allocator-size-nav-mesh-worker=65536"
    "memorysetup-temp-allocator-size-audio-worker=65536"
    "memorysetup-temp-allocator-size-cloud-worker=32768"
    "memorysetup-temp-allocator-size-gi-baking-worker=262144"
    "memorysetup-temp-allocator-size-gfx=262144"
Refreshing native plugins compatible for Editor in 95.96 ms, found 4 plugins.
Preloading 1 native plugins for Editor in 0.64 ms.
Initialize engine version: 2021.2.9f1 (921b45a28ab6)
[Subsystems] Discovering subsystems at path C:/Program Files/Unity/Hub/Editor/2021.2.9f1/Editor/Data/Resources/UnitySubsystems
[Subsystems] Discovering subsystems at path C:/Users/cocru/Documents/GitHub/Gamebox/Gamebox/Assets
GfxDevice: creating device client; threaded=0; jobified=0
Direct3D:
    Version:  Direct3D 11.0 [level 11.1]
    Renderer: NVIDIA GeForce RTX 3080 Ti (ID=0x2208)
    Vendor:   NVIDIA
    VRAM:     12108 MB
    Driver:   30.0.15.1123
Initialize mono
Mono path[0] = 'C:/Program Files/Unity/Hub/Editor/2021.2.9f1/Editor/Data/Managed'
Mono path[1] = 'C:/Program Files/Unity/Hub/Editor/2021.2.9f1/Editor/Data/MonoBleedingEdge/lib/mono/unityjit-win32'
Mono config path = 'C:/Program Files/Unity/Hub/Editor/2021.2.9f1/Editor/Data/MonoBleedingEdge/etc'
Using monoOptions --debugger-agent=transport=dt_socket,embedding=1,server=y,suspend=n,address=127.0.0.1:56488
Begin MonoManager ReloadAssembly
Registering precompiled unity dll's ...
Register platform support module: C:/Program Files/Unity/Hub/Editor/2021.2.9f1/Editor/Data/PlaybackEngines/WindowsStandaloneSupport/UnityEditor.WindowsStandalone.Extensions.dll
Registered in 0.003745 seconds.
Native extension for WindowsStandalone target not found
Refreshing native plugins compatible for Editor in 93.70 ms, found 4 plugins.
Preloading 1 native plugins for Editor in 0.05 ms.
Mono: successfully reloaded assembly
- Completed reload, in  0.538 seconds
Domain Reload Profiling:
	ReloadAssembly (539ms)
		BeginReloadAssembly (59ms)
			ExecutionOrderSort (0ms)
			DisableScriptedObjects (0ms)
			BackupInstance (0ms)
			ReleaseScriptingObjects (0ms)
			CreateAndSetChildDomain (1ms)
		EndReloadAssembly (417ms)
			LoadAssemblies (57ms)
			RebuildTransferFunctionScriptingTraits (0ms)
			SetupTypeCache (87ms)
			ReleaseScriptCaches (0ms)
			RebuildScriptCaches (23ms)
			SetupLoadedEditorAssemblies (263ms)
				LogAssemblyErrors (0ms)
				InitializePlatformSupportModulesInManaged (12ms)
				SetLoadedEditorAssemblies (0ms)
				RefreshPlugins (94ms)
				BeforeProcessingInitializeOnLoad (1ms)
				ProcessInitializeOnLoadAttributes (119ms)
				ProcessInitializeOnLoadMethodAttributes (37ms)
				AfterProcessingInitializeOnLoad (0ms)
				EditorAssembliesLoaded (0ms)
			ExecutionOrderSort2 (0ms)
			AwakeInstancesAfterBackupRestoration (0ms)
Platform modules already initialized, skipping
Registering precompiled user dll's ...
Registered in 0.006352 seconds.
Begin MonoManager ReloadAssembly
Symbol file LoadedFromMemory doesn't match image C:\Users\cocru\Documents\GitHub\Gamebox\Gamebox\Library\PackageCache\com.unity.visualscripting@1.7.6\Editor\VisualScripting.Core\Dependencies\YamlDotNet\Unity.VisualScripting.YamlDotNet.dll
Symbol file LoadedFromMemory doesn't match image C:\Users\cocru\Documents\GitHub\Gamebox\Gamebox\Library\PackageCache\com.unity.visualscripting@1.7.6\Editor\VisualScripting.Core\Dependencies\DotNetZip\Unity.VisualScripting.IonicZip.dll
Native extension for WindowsStandalone target not found
Refreshing native plugins compatible for Editor in 90.91 ms, found 4 plugins.
Preloading 1 native plugins for Editor in 0.06 ms.
Mono: successfully reloaded assembly
- Completed reload, in  1.502 seconds
Domain Reload Profiling:
	ReloadAssembly (1503ms)
		BeginReloadAssembly (87ms)
			ExecutionOrderSort (0ms)
			DisableScriptedObjects (5ms)
			BackupInstance (0ms)
			ReleaseScriptingObjects (0ms)
			CreateAndSetChildDomain (17ms)
		EndReloadAssembly (1338ms)
			LoadAssemblies (62ms)
			RebuildTransferFunctionScriptingTraits (0ms)
			SetupTypeCache (241ms)
			ReleaseScriptCaches (1ms)
			RebuildScriptCaches (49ms)
			SetupLoadedEditorAssemblies (949ms)
				LogAssemblyErrors (0ms)
				InitializePlatformSupportModulesInManaged (8ms)
				SetLoadedEditorAssemblies (0ms)
				RefreshPlugins (91ms)
				BeforeProcessingInitializeOnLoad (159ms)
				ProcessInitializeOnLoadAttributes (626ms)
				ProcessInitializeOnLoadMethodAttributes (59ms)
				AfterProcessingInitializeOnLoad (5ms)
				EditorAssembliesLoaded (0ms)
			ExecutionOrderSort2 (0ms)
			AwakeInstancesAfterBackupRestoration (4ms)
Platform modules already initialized, skipping
========================================================================
Worker process is ready to serve import requests
Launched and connected shader compiler UnityShaderCompiler.exe after 0.04 seconds
Refreshing native plugins compatible for Editor in 1.08 ms, found 4 plugins.
Preloading 1 native plugins for Editor in 0.06 ms.
Unloading 5219 Unused Serialized files (Serialized files now loaded: 0)
Unloading 43 unused Assets / (0.7 MB). Loaded Objects now: 5659.
Memory consumption went from 202.3 MB to 201.6 MB.
Total: 3.610700 ms (FindLiveObjects: 0.427600 ms CreateObjectMapping: 0.117500 ms MarkObjects: 2.787200 ms  DeleteObjects: 0.277400 ms)

AssetImportParameters requested are different than current active one (requested -> active):
  custom:video-decoder-ogg-theora: a1e56fd34408186e4bbccfd4996cb3dc -> 
  custom:container-muxer-webm: aa71ff27fc2769a1b78a27578f13a17b -> 
  custom:container-demuxer-webm: 4f35f7cbe854078d1ac9338744f61a02 -> 
  custom:video-encoder-webm-vp8: eb34c28f22e8b96e1ab97ce403110664 -> 
  custom:audio-encoder-webm-vorbis: bf7c407c2cedff20999df2af8eb42d56 -> 
  custom:framework-win-MediaFoundation: 216162199b28c13a410421893ffa2e32 -> 
  custom:container-demuxer-ogg: 62fdf1f143b41e24485cea50d1cbac27 -> 
  custom:video-decoder-webm-vp8: 9c59270c3fd7afecdb556c50c9e8de78 -> 
  custom:audio-decoder-ogg-vorbis: bf7c407c2cedff20999df2af8eb42d56 -> 
========================================================================
Received Import Request.
  Time since last request: 142781.581984 seconds.
  path: Assets/Scripts/MovableObjectStateMachine.cs
  artifactKey: Guid(efa6cd86e7a9fd046bd09320f2ffdde3) Importer(815301076,1909f56bfc062723c751e8b465ee728b)
Start importing Assets/Scripts/MovableObjectStateMachine.cs using Guid(efa6cd86e7a9fd046bd09320f2ffdde3) Importer(815301076,1909f56bfc062723c751e8b465ee728b)  -> (artifact id: '5878c0df16bb201ce604bbcf4fceb129') in 0.063639 seconds 
========================================================================
Received Prepare
Registering precompiled user dll's ...
Registered in 0.005718 seconds.
Begin MonoManager ReloadAssembly
Symbol file LoadedFromMemory doesn't match image C:\Users\cocru\Documents\GitHub\Gamebox\Gamebox\Library\PackageCache\com.unity.visualscripting@1.7.6\Editor\VisualScripting.Core\Dependencies\YamlDotNet\Unity.VisualScripting.YamlDotNet.dll
Symbol file LoadedFromMemory doesn't match image C:\Users\cocru\Documents\GitHub\Gamebox\Gamebox\Library\PackageCache\com.unity.visualscripting@1.7.6\Editor\VisualScripting.Core\Dependencies\DotNetZip\Unity.VisualScripting.IonicZip.dll
Native extension for WindowsStandalone target not found
Refreshing native plugins compatible for Editor in 0.73 ms, found 4 plugins.
Preloading 1 native plugins for Editor in 0.04 ms.
Mono: successfully reloaded assembly
- Completed reload, in  0.985 seconds
Domain Reload Profiling:
	ReloadAssembly (986ms)
		BeginReloadAssembly (112ms)
			ExecutionOrderSort (0ms)
			DisableScriptedObjects (5ms)
			BackupInstance (0ms)
			ReleaseScriptingObjects (0ms)
			CreateAndSetChildDomain (30ms)
		EndReloadAssembly (797ms)
			LoadAssemblies (66ms)
			RebuildTransferFunctionScriptingTraits (0ms)
			SetupTypeCache (232ms)
			ReleaseScriptCaches (1ms)
			RebuildScriptCaches (35ms)
			SetupLoadedEditorAssemblies (427ms)
				LogAssemblyErrors (0ms)
				InitializePlatformSupportModulesInManaged (9ms)
				SetLoadedEditorAssemblies (0ms)
				RefreshPlugins (1ms)
				BeforeProcessingInitializeOnLoad (101ms)
				ProcessInitializeOnLoadAttributes (258ms)
				ProcessInitializeOnLoadMethodAttributes (54ms)
				AfterProcessingInitializeOnLoad (5ms)
				EditorAssembliesLoaded (0ms)
			ExecutionOrderSort2 (0ms)
			AwakeInstancesAfterBackupRestoration (6ms)
Platform modules already initialized, skipping
Refreshing native plugins compatible for Editor in 0.88 ms, found 4 plugins.
Preloading 1 native plugins for Editor in 0.06 ms.
Unloading 5097 Unused Serialized files (Serialized files now loaded: 0)
Unloading 38 unused Assets / (0.7 MB). Loaded Objects now: 5661.
Memory consumption went from 194.2 MB to 193.5 MB.
Total: 3.644200 ms (FindLiveObjects: 0.430400 ms CreateObjectMapping: 0.129600 ms MarkObjects: 2.836400 ms  DeleteObjects: 0.247000 ms)

AssetImportParameters requested are different than current active one (requested -> active):
  custom:video-decoder-ogg-theora: a1e56fd34408186e4bbccfd4996cb3dc -> 
  custom:container-muxer-webm: aa71ff27fc2769a1b78a27578f13a17b -> 
  custom:container-demuxer-webm: 4f35f7cbe854078d1ac9338744f61a02 -> 
  custom:video-encoder-webm-vp8: eb34c28f22e8b96e1ab97ce403110664 -> 
  custom:audio-encoder-webm-vorbis: bf7c407c2cedff20999df2af8eb42d56 -> 
  custom:framework-win-MediaFoundation: 216162199b28c13a410421893ffa2e32 -> 
  custom:container-demuxer-ogg: 62fdf1f143b41e24485cea50d1cbac27 -> 
  custom:video-decoder-webm-vp8: 9c59270c3fd7afecdb556c50c9e8de78 -> 
  custom:audio-decoder-ogg-vorbis: bf7c407c2cedff20999df2af8eb42d56 -> 
========================================================================
Received Import Request.
  Time since last request: 256.428526 seconds.
  path: Assets/Wooden floor/Wooden floor 01/Wooden floor diffuse.tga
  artifactKey: Guid(cd80b1a4d37ec0d44a2a9a70219c67a8) Importer(815301076,1909f56bfc062723c751e8b465ee728b)
Start importing Assets/Wooden floor/Wooden floor 01/Wooden floor diffuse.tga using Guid(cd80b1a4d37ec0d44a2a9a70219c67a8) Importer(815301076,1909f56bfc062723c751e8b465ee728b)  -> (artifact id: '53cb6dc1fb2252d2742e9d27a09d53ee') in 0.056202 seconds 
========================================================================
Received Import Request.
  Time since last request: 0.000022 seconds.
  path: Assets/Wooden floor/Wooden floor 01/Wooden floor normal.tga
  artifactKey: Guid(4ee2b7fdbd28a6c488200be86572be5c) Importer(815301076,1909f56bfc062723c751e8b465ee728b)
Start importing Assets/Wooden floor/Wooden floor 01/Wooden floor normal.tga using Guid(4ee2b7fdbd28a6c488200be86572be5c) Importer(815301076,1909f56bfc062723c751e8b465ee728b)  -> (artifact id: 'b75074d0714ed6624bf6958e98121e05') in 0.033922 seconds 
========================================================================
Received Import Request.
  Time since last request: 6.247204 seconds.
  path: Assets/Wooden floor/Wooden floor 02/Wooden floor diffuse.tga
  artifactKey: Guid(c10d183773495b0449ef26024d83f3d2) Importer(815301076,1909f56bfc062723c751e8b465ee728b)
Start importing Assets/Wooden floor/Wooden floor 02/Wooden floor diffuse.tga using Guid(c10d183773495b0449ef26024d83f3d2) Importer(815301076,1909f56bfc062723c751e8b465ee728b)  -> (artifact id: '072529cc41611109fa5a16ce0c728893') in 0.013655 seconds 
========================================================================
Received Import Request.
  Time since last request: 1.465697 seconds.
  path: Assets/Wooden floor/Wooden floor 03/Wooden floor diffuse.tga
  artifactKey: Guid(6c631a00e581dcf41a1aaf4f51ae99a9) Importer(815301076,1909f56bfc062723c751e8b465ee728b)
Start importing Assets/Wooden floor/Wooden floor 03/Wooden floor diffuse.tga using Guid(6c631a00e581dcf41a1aaf4f51ae99a9) Importer(815301076,1909f56bfc062723c751e8b465ee728b)  -> (artifact id: '90337ca02912d2ac6849d23d1c86787d') in 0.013811 seconds 
========================================================================
Received Import Request.
  Time since last request: 1.600251 seconds.
  path: Assets/Wooden floor/Wooden floor 04/Wooden floor diffuse.tga
  artifactKey: Guid(539e440f4713d8942abdef5d2853d5a3) Importer(815301076,1909f56bfc062723c751e8b465ee728b)
Start importing Assets/Wooden floor/Wooden floor 04/Wooden floor diffuse.tga using Guid(539e440f4713d8942abdef5d2853d5a3) Importer(815301076,1909f56bfc062723c751e8b465ee728b)  -> (artifact id: '4f261ba2e5f296e3fdfe78cd33ef2f66') in 0.022552 seconds 
========================================================================
Received Import Request.
  Time since last request: 5.712317 seconds.
  path: Assets/Wooden floor/Wooden floor 05/Wooden floor diffuse.tga
  artifactKey: Guid(f5cc0b5174cb51f439cf34137586e583) Importer(815301076,1909f56bfc062723c751e8b465ee728b)
Start importing Assets/Wooden floor/Wooden floor 05/Wooden floor diffuse.tga using Guid(f5cc0b5174cb51f439cf34137586e583) Importer(815301076,1909f56bfc062723c751e8b465ee728b)  -> (artifact id: 'a1b75aa70a73bc0a97d820e9fc91f6f2') in 0.016856 seconds 
========================================================================
Received Import Request.
  Time since last request: 6.802976 seconds.
  path: Assets/Wooden floor/Wooden floor 06/Wooden floor diffuse.tga
  artifactKey: Guid(bb7716d533ec35649960e14e5e68cb69) Importer(815301076,1909f56bfc062723c751e8b465ee728b)
Start importing Assets/Wooden floor/Wooden floor 06/Wooden floor diffuse.tga using Guid(bb7716d533ec35649960e14e5e68cb69) Importer(815301076,1909f56bfc062723c751e8b465ee728b)  -> (artifact id: '7184048b6a2a94227b06f3dacc24fb10') in 0.012444 seconds 
========================================================================
Received Prepare
Registering precompiled user dll's ...
Registered in 0.007695 seconds.
Begin MonoManager ReloadAssembly
Symbol file LoadedFromMemory doesn't match image C:\Users\cocru\Documents\GitHub\Gamebox\Gamebox\Library\PackageCache\com.unity.visualscripting@1.7.6\Editor\VisualScripting.Core\Dependencies\YamlDotNet\Unity.VisualScripting.YamlDotNet.dll
Symbol file LoadedFromMemory doesn't match image C:\Users\cocru\Documents\GitHub\Gamebox\Gamebox\Library\PackageCache\com.unity.visualscripting@1.7.6\Editor\VisualScripting.Core\Dependencies\DotNetZip\Unity.VisualScripting.IonicZip.dll
Native extension for WindowsStandalone target not found
Refreshing native plugins compatible for Editor in 0.94 ms, found 4 plugins.
Preloading 1 native plugins for Editor in 0.05 ms.
Mono: successfully reloaded assembly
- Completed reload, in  1.607 seconds
Domain Reload Profiling:
	ReloadAssembly (1608ms)
		BeginReloadAssembly (161ms)
			ExecutionOrderSort (0ms)
			DisableScriptedObjects (5ms)
			BackupInstance (0ms)
			ReleaseScriptingObjects (0ms)
			CreateAndSetChildDomain (49ms)
		EndReloadAssembly (1295ms)
			LoadAssemblies (121ms)
			RebuildTransferFunctionScriptingTraits (0ms)
			SetupTypeCache (616ms)
			ReleaseScriptCaches (2ms)
			RebuildScriptCaches (51ms)
			SetupLoadedEditorAssemblies (450ms)
				LogAssemblyErrors (0ms)
				InitializePlatformSupportModulesInManaged (11ms)
				SetLoadedEditorAssemblies (0ms)
				RefreshPlugins (1ms)
				BeforeProcessingInitializeOnLoad (103ms)
				ProcessInitializeOnLoadAttributes (273ms)
				ProcessInitializeOnLoadMethodAttributes (56ms)
				AfterProcessingInitializeOnLoad (5ms)
				EditorAssembliesLoaded (0ms)
			ExecutionOrderSort2 (0ms)
			AwakeInstancesAfterBackupRestoration (10ms)
Platform modules already initialized, skipping
Shader 'Hidden/FXAA Preset 2': fallback shader 'Hidden/FXAA II' not found
Shader 'Hidden/FXAA Preset 3': fallback shader 'Hidden/FXAA II' not found
Refreshing native plugins compatible for Editor in 1.36 ms, found 4 plugins.
Preloading 1 native plugins for Editor in 0.06 ms.
Unloading 5203 Unused Serialized files (Serialized files now loaded: 0)
Unloading 103 unused Assets / (5.4 MB). Loaded Objects now: 5807.
Memory consumption went from 215.7 MB to 210.3 MB.
Total: 4.678100 ms (FindLiveObjects: 0.502100 ms CreateObjectMapping: 0.133100 ms MarkObjects: 2.640500 ms  DeleteObjects: 1.400900 ms)

AssetImportParameters requested are different than current active one (requested -> active):
  custom:video-decoder-ogg-theora: a1e56fd34408186e4bbccfd4996cb3dc -> 
  custom:container-muxer-webm: aa71ff27fc2769a1b78a27578f13a17b -> 
  custom:container-demuxer-webm: 4f35f7cbe854078d1ac9338744f61a02 -> 
  custom:video-encoder-webm-vp8: eb34c28f22e8b96e1ab97ce403110664 -> 
  custom:audio-encoder-webm-vorbis: bf7c407c2cedff20999df2af8eb42d56 -> 
  custom:framework-win-MediaFoundation: 216162199b28c13a410421893ffa2e32 -> 
  custom:container-demuxer-ogg: 62fdf1f143b41e24485cea50d1cbac27 -> 
  custom:video-decoder-webm-vp8: 9c59270c3fd7afecdb556c50c9e8de78 -> 
  custom:audio-decoder-ogg-vorbis: bf7c407c2cedff20999df2af8eb42d56 -> 
========================================================================
Received Import Request.
  Time since last request: 704.105258 seconds.
  path: Assets/Dinner table/Models/Candle_2.FBX
  artifactKey: Guid(efd7b31bc316e014fb44b5ef4089104e) Importer(815301076,1909f56bfc062723c751e8b465ee728b)
Start importing Assets/Dinner table/Models/Candle_2.FBX using Guid(efd7b31bc316e014fb44b5ef4089104e) Importer(815301076,1909f56bfc062723c751e8b465ee728b)  -> (artifact id: 'bf1dbf353319e37ee8e19c54ae98287f') in 0.269240 seconds 
========================================================================
Received Import Request.
  Time since last request: 0.000031 seconds.
  path: Assets/Dinner table/Models/Cup.FBX
  artifactKey: Guid(056a8215673193e4faaa699e64c0a540) Importer(815301076,1909f56bfc062723c751e8b465ee728b)
Start importing Assets/Dinner table/Models/Cup.FBX using Guid(056a8215673193e4faaa699e64c0a540) Importer(815301076,1909f56bfc062723c751e8b465ee728b)  -> (artifact id: 'a699a383b946072c92bd06a9a8b9c242') in 0.036982 seconds 
========================================================================
Received Import Request.
  Time since last request: 0.000029 seconds.
  path: Assets/Dinner table/Models/Chicken_2.FBX
  artifactKey: Guid(19075fc32f18588418ecccd0196afa99) Importer(815301076,1909f56bfc062723c751e8b465ee728b)
Start importing Assets/Dinner table/Models/Chicken_2.FBX using Guid(19075fc32f18588418ecccd0196afa99) Importer(815301076,1909f56bfc062723c751e8b465ee728b)  -> (artifact id: 'be00806c0bac07a1789e4903e8100098') in 0.221609 seconds 
========================================================================
Received Import Request.
  Time since last request: 2.289917 seconds.
  path: Assets/Dinner table/Materials/Candles.mat
  artifactKey: Guid(978cafabf1b82074fab79b857527692a) Importer(815301076,1909f56bfc062723c751e8b465ee728b)
Start importing Assets/Dinner table/Materials/Candles.mat using Guid(978cafabf1b82074fab79b857527692a) Importer(815301076,1909f56bfc062723c751e8b465ee728b)  -> (artifact id: 'eccd947a8ba806fdbefc9680962485a4') in 0.030325 seconds 
========================================================================
Received Import Request.
  Time since last request: 0.000028 seconds.
  path: Assets/Dinner table/Materials/carrot.mat
  artifactKey: Guid(22dec637081447c4aabb0f13d837d1b2) Importer(815301076,1909f56bfc062723c751e8b465ee728b)
Start importing Assets/Dinner table/Materials/carrot.mat using Guid(22dec637081447c4aabb0f13d837d1b2) Importer(815301076,1909f56bfc062723c751e8b465ee728b)  -> (artifact id: '12831f426941ece9d09dbb28ff587db1') in 0.016713 seconds 
========================================================================
Received Import Request.
  Time since last request: 0.000021 seconds.
  path: Assets/Dinner table/Materials/Table.mat
  artifactKey: Guid(531afd0403dc15a449604ebb64cd5b6b) Importer(815301076,1909f56bfc062723c751e8b465ee728b)
Start importing Assets/Dinner table/Materials/Table.mat using Guid(531afd0403dc15a449604ebb64cd5b6b) Importer(815301076,1909f56bfc062723c751e8b465ee728b)  -> (artifact id: '7d472d3133c423d8481603130e2ca89e') in 0.045716 seconds 
========================================================================
Received Import Request.
  Time since last request: 0.000034 seconds.
  path: Assets/Dinner table/Materials/Plate.mat
  artifactKey: Guid(afd81ac022ad26b43837c20d95f05b17) Importer(815301076,1909f56bfc062723c751e8b465ee728b)
Start importing Assets/Dinner table/Materials/Plate.mat using Guid(afd81ac022ad26b43837c20d95f05b17) Importer(815301076,1909f56bfc062723c751e8b465ee728b)  -> (artifact id: '2bb3b756f7b1477f07f466d2892a3290') in 0.042510 seconds 
========================================================================
Received Import Request.
  Time since last request: 0.000029 seconds.
  path: Assets/Dinner table/Materials/Tablecloth.mat
  artifactKey: Guid(0e11888631adf6d46b8c725c6ade9309) Importer(815301076,1909f56bfc062723c751e8b465ee728b)
Start importing Assets/Dinner table/Materials/Tablecloth.mat using Guid(0e11888631adf6d46b8c725c6ade9309) Importer(815301076,1909f56bfc062723c751e8b465ee728b)  -> (artifact id: '1d58a4e053f0dc5964dac0d9241111dc') in 0.013100 seconds 
========================================================================
Received Import Request.
  Time since last request: 0.000025 seconds.
  path: Assets/Dinner table/Materials/Flame.mat
  artifactKey: Guid(4577f3bd4f506de44a05387f63231c1a) Importer(815301076,1909f56bfc062723c751e8b465ee728b)
Start importing Assets/Dinner table/Materials/Flame.mat using Guid(4577f3bd4f506de44a05387f63231c1a) Importer(815301076,1909f56bfc062723c751e8b465ee728b)  -> (artifact id: 'f8a145d7c03116ff6d195cefa9f15030') in 0.042843 seconds 
========================================================================
Received Prepare
Switching render pipeline 6af353965c12e7044b32b923764665ec -> 00000000000000000000000000000000
Refreshing native plugins compatible for Editor in 6.61 ms, found 4 plugins.
Preloading 1 native plugins for Editor in 0.05 ms.
Unloading 99 Unused Serialized files (Serialized files now loaded: 0)
Unloading 100 unused Assets / (5.4 MB). Loaded Objects now: 5926.
Memory consumption went from 116.7 MB to 111.3 MB.
Total: 6.315100 ms (FindLiveObjects: 0.515000 ms CreateObjectMapping: 0.149400 ms MarkObjects: 3.418800 ms  DeleteObjects: 2.229900 ms)

AssetImportParameters requested are different than current active one (requested -> active):
  custom:video-decoder-ogg-theora: a1e56fd34408186e4bbccfd4996cb3dc -> 
  custom:container-muxer-webm: aa71ff27fc2769a1b78a27578f13a17b -> 
  custom:container-demuxer-webm: 4f35f7cbe854078d1ac9338744f61a02 -> 
  custom:video-encoder-webm-vp8: eb34c28f22e8b96e1ab97ce403110664 -> 
  custom:audio-encoder-webm-vorbis: bf7c407c2cedff20999df2af8eb42d56 -> 
  custom:framework-win-MediaFoundation: 216162199b28c13a410421893ffa2e32 -> 
  custom:container-demuxer-ogg: 62fdf1f143b41e24485cea50d1cbac27 -> 
  custom:video-decoder-webm-vp8: 9c59270c3fd7afecdb556c50c9e8de78 -> 
  custom:audio-decoder-ogg-vorbis: bf7c407c2cedff20999df2af8eb42d56 -> 
  custom:srp/default-pipeline:  -> a63f3569c5217e40b4239b32676456ce
========================================================================
Received Prepare
Refreshing native plugins compatible for Editor in 6.63 ms, found 4 plugins.
Preloading 1 native plugins for Editor in 0.05 ms.
Unloading 100 Unused Serialized files (Serialized files now loaded: 0)
Unloading 100 unused Assets / (5.4 MB). Loaded Objects now: 5926.
Memory consumption went from 116.9 MB to 111.5 MB.
Total: 7.716100 ms (FindLiveObjects: 0.467100 ms CreateObjectMapping: 0.150600 ms MarkObjects: 4.558400 ms  DeleteObjects: 2.538400 ms)

AssetImportParameters requested are different than current active one (requested -> active):
  custom:video-decoder-ogg-theora: a1e56fd34408186e4bbccfd4996cb3dc -> 
  custom:container-muxer-webm: aa71ff27fc2769a1b78a27578f13a17b -> 
  custom:container-demuxer-webm: 4f35f7cbe854078d1ac9338744f61a02 -> 
  custom:video-encoder-webm-vp8: eb34c28f22e8b96e1ab97ce403110664 -> 
  custom:audio-encoder-webm-vorbis: bf7c407c2cedff20999df2af8eb42d56 -> 
  custom:framework-win-MediaFoundation: 216162199b28c13a410421893ffa2e32 -> 
  custom:container-demuxer-ogg: 62fdf1f143b41e24485cea50d1cbac27 -> 
  custom:video-decoder-webm-vp8: 9c59270c3fd7afecdb556c50c9e8de78 -> 
  custom:audio-decoder-ogg-vorbis: bf7c407c2cedff20999df2af8eb42d56 -> 
========================================================================
Received Import Request.
  Time since last request: 28.489393 seconds.
  path: Assets/Dinner table/Materials/Carpet_2.mat
  artifactKey: Guid(6645bf2c52e059841b57f40aeef95b15) Importer(815301076,1909f56bfc062723c751e8b465ee728b)
Start importing Assets/Dinner table/Materials/Carpet_2.mat using Guid(6645bf2c52e059841b57f40aeef95b15) Importer(815301076,1909f56bfc062723c751e8b465ee728b)  -> (artifact id: 'be17932d85ddd836155eba6ffd3ed504') in 1.344094 seconds 
========================================================================
Received Import Request.
  Time since last request: 0.000028 seconds.
  path: Assets/Dinner table/Materials/Table.mat
  artifactKey: Guid(531afd0403dc15a449604ebb64cd5b6b) Importer(815301076,1909f56bfc062723c751e8b465ee728b)
Start importing Assets/Dinner table/Materials/Table.mat using Guid(531afd0403dc15a449604ebb64cd5b6b) Importer(815301076,1909f56bfc062723c751e8b465ee728b)  -> (artifact id: 'f867401ce93919d8c022ba7cae112893') in 1.132637 seconds 
========================================================================
Received Import Request.
  Time since last request: 0.000039 seconds.
  path: Assets/Dinner table/Materials/Chicken.mat
  artifactKey: Guid(3db9cfe95b61d404bb38853db6e767e5) Importer(815301076,1909f56bfc062723c751e8b465ee728b)
Start importing Assets/Dinner table/Materials/Chicken.mat using Guid(3db9cfe95b61d404bb38853db6e767e5) Importer(815301076,1909f56bfc062723c751e8b465ee728b)  -> (artifact id: '971fc52d23f6de0f895f6fdbe87740d5') in 0.057267 seconds 
Editor requested this worker to shutdown with reason: Scaling down because of idle timeout
AssetImportWorker is now disconnected from the server
Process exiting
Exiting without the bug reporter. Application will terminate with return code 0